<?xml version="1.0" encoding="UTF-8"?>
<testng-results skipped="0" failed="0" total="6" passed="6">
  <reporter-output>
  </reporter-output>
  <suite name="GameOfLifeIntegrationTest" duration-ms="2148" started-at="2012-11-08T15:35:16Z" finished-at="2012-11-08T15:35:18Z">
    <groups>
      <group name="integration">
        <method signature="GameOfLifeIntegrationTest.changingBoard1()[pri:0, instance:GameOfLifeIntegrationTest@337d0f]" name="changingBoard1" class="GameOfLifeIntegrationTest"/>
        <method signature="GameOfLifeIntegrationTest.changingBoard2()[pri:0, instance:GameOfLifeIntegrationTest@337d0f]" name="changingBoard2" class="GameOfLifeIntegrationTest"/>
        <method signature="GameOfLifeIntegrationTest.oscillatingBoard1()[pri:0, instance:GameOfLifeIntegrationTest@337d0f]" name="oscillatingBoard1" class="GameOfLifeIntegrationTest"/>
        <method signature="GameOfLifeIntegrationTest.oscillatingBoard2()[pri:0, instance:GameOfLifeIntegrationTest@337d0f]" name="oscillatingBoard2" class="GameOfLifeIntegrationTest"/>
        <method signature="GameOfLifeIntegrationTest.stillBoard1()[pri:0, instance:GameOfLifeIntegrationTest@337d0f]" name="stillBoard1" class="GameOfLifeIntegrationTest"/>
        <method signature="GameOfLifeIntegrationTest.stillBoard2()[pri:0, instance:GameOfLifeIntegrationTest@337d0f]" name="stillBoard2" class="GameOfLifeIntegrationTest"/>
      </group> <!-- integration -->
    </groups>
    <test name="Command line test" duration-ms="2148" started-at="2012-11-08T15:35:16Z" finished-at="2012-11-08T15:35:18Z">
      <class name="GameOfLifeIntegrationTest">
        <test-method status="PASS" signature="changingBoard1()[pri:0, instance:GameOfLifeIntegrationTest@337d0f]" name="changingBoard1" duration-ms="389" started-at="2012-11-08T15:35:16Z" finished-at="2012-11-08T15:35:17Z">
        </test-method> <!-- changingBoard1 -->
        <test-method status="PASS" signature="changingBoard2()[pri:0, instance:GameOfLifeIntegrationTest@337d0f]" name="changingBoard2" duration-ms="377" started-at="2012-11-08T15:35:17Z" finished-at="2012-11-08T15:35:17Z">
        </test-method> <!-- changingBoard2 -->
        <test-method status="PASS" signature="oscillatingBoard1()[pri:0, instance:GameOfLifeIntegrationTest@337d0f]" name="oscillatingBoard1" duration-ms="463" started-at="2012-11-08T15:35:17Z" finished-at="2012-11-08T15:35:17Z">
        </test-method> <!-- oscillatingBoard1 -->
        <test-method status="PASS" signature="oscillatingBoard2()[pri:0, instance:GameOfLifeIntegrationTest@337d0f]" name="oscillatingBoard2" duration-ms="454" started-at="2012-11-08T15:35:17Z" finished-at="2012-11-08T15:35:18Z">
        </test-method> <!-- oscillatingBoard2 -->
        <test-method status="PASS" signature="stillBoard1()[pri:0, instance:GameOfLifeIntegrationTest@337d0f]" name="stillBoard1" duration-ms="224" started-at="2012-11-08T15:35:18Z" finished-at="2012-11-08T15:35:18Z">
        </test-method> <!-- stillBoard1 -->
        <test-method status="PASS" signature="stillBoard2()[pri:0, instance:GameOfLifeIntegrationTest@337d0f]" name="stillBoard2" duration-ms="226" started-at="2012-11-08T15:35:18Z" finished-at="2012-11-08T15:35:18Z">
        </test-method> <!-- stillBoard2 -->
      </class> <!-- GameOfLifeIntegrationTest -->
    </test> <!-- Command line test -->
  </suite> <!-- GameOfLifeIntegrationTest -->
</testng-results>
