<?xml version="1.0" encoding="UTF-8" ?>
<testsuite failures="0" time="2.792" errors="0" skipped="0" tests="6" name="GameOfLifeIntegrationTest">
  <properties>
[...]
</properties>
  <testcase time="0.388" classname="GameOfLifeIntegrationTest" name="changingBoard1"/>
  <testcase time="0.377" classname="GameOfLifeIntegrationTest" name="changingBoard2"/>
  <testcase time="0.462" classname="GameOfLifeIntegrationTest" name="oscillatingBoard1"/>
  <testcase time="0.454" classname="GameOfLifeIntegrationTest" name="oscillatingBoard2"/>
  <testcase time="0.224" classname="GameOfLifeIntegrationTest" name="stillBoard1"/>
  <testcase time="0.227" classname="GameOfLifeIntegrationTest" name="stillBoard2"/>
</testsuite>