<?xml version="1.0" encoding="UTF-8"?>
<!-- Generated by org.testng.reporters.JUnitXMLReporter -->
<testsuite hostname="EVE4115BF03E34" tests="6" failures="0" timestamp="8 Nov 2012 14:35:18 GMT" time="2.148" errors="0">
  <testcase name="changingBoard1" time="0.389" classname="GameOfLifeIntegrationTest"/>
  <testcase name="changingBoard2" time="0.377" classname="GameOfLifeIntegrationTest"/>
  <testcase name="oscillatingBoard1" time="0.463" classname="GameOfLifeIntegrationTest"/>
  <testcase name="oscillatingBoard2" time="0.454" classname="GameOfLifeIntegrationTest"/>
  <testcase name="stillBoard1" time="0.224" classname="GameOfLifeIntegrationTest"/>
  <testcase name="stillBoard2" time="0.226" classname="GameOfLifeIntegrationTest"/>
</testsuite>
